<?xml version="1.0" encoding="UTF-8"?>
<testng-results skipped="0" failed="1" ignored="0" total="4" passed="3">
  <reporter-output>
  </reporter-output>
  <suite name="Default suite" duration-ms="47865" started-at="2018-10-29T15:30:10Z" finished-at="2018-10-29T15:30:58Z">
    <groups>
    </groups>
    <test name="Default test" duration-ms="47865" started-at="2018-10-29T15:30:10Z" finished-at="2018-10-29T15:30:58Z">
      <class name="Test.Passengerdetailstest">
        <test-method status="PASS" signature="setup()[pri:0, instance:Test.Passengerdetailstest@83b407]" name="setup" is-config="true" duration-ms="7118" started-at="2018-10-29T15:30:10Z" finished-at="2018-10-29T15:30:18Z">
          <reporter-output>
          </reporter-output>
        </test-method> <!-- setup -->
        <test-method status="PASS" signature="start()[pri:0, instance:Test.Passengerdetailstest@83b407]" name="start" duration-ms="4703" started-at="2018-10-29T15:30:18Z" finished-at="2018-10-29T15:30:22Z">
          <reporter-output>
          </reporter-output>
        </test-method> <!-- start -->
        <test-method status="PASS" signature="fs()[pri:0, instance:Test.Passengerdetailstest@83b407]" name="fs" duration-ms="8694" started-at="2018-10-29T15:30:22Z" depends-on-methods="Passengerdetailstest.start" finished-at="2018-10-29T15:30:31Z">
          <reporter-output>
          </reporter-output>
        </test-method> <!-- fs -->
        <test-method status="PASS" signature="book()[pri:0, instance:Test.Passengerdetailstest@83b407]" name="book" duration-ms="22595" started-at="2018-10-29T15:30:31Z" depends-on-methods="Passengerdetailstest.fs" finished-at="2018-10-29T15:30:54Z">
          <reporter-output>
          </reporter-output>
        </test-method> <!-- book -->
        <test-method status="FAIL" signature="passenger(java.lang.String, java.lang.String, java.lang.String, java.lang.String, java.lang.String, java.lang.String, java.lang.String, java.lang.String, java.lang.String, java.lang.String)[pri:0, instance:Test.Passengerdetailstest@83b407]" name="passenger" duration-ms="4459" started-at="2018-10-29T15:30:54Z" data-provider="readdata" depends-on-methods="Passengerdetailstest.book" finished-at="2018-10-29T15:30:58Z">
          <params>
            <param index="0">
              <value>
                <![CDATA[Mrs]]>
              </value>
            </param>
            <param index="1">
              <value>
                <![CDATA[Sravanakeerthi]]>
              </value>
            </param>
            <param index="2">
              <value>
                <![CDATA[yadla]]>
              </value>
            </param>
            <param index="3">
              <value>
                <![CDATA[05.Aug.1990]]>
              </value>
            </param>
            <param index="4">
              <value>
                <![CDATA[R2899478]]>
              </value>
            </param>
            <param index="5">
              <value>
                <![CDATA[INDIA]]>
              </value>
            </param>
            <param index="6">
              <value>
                <![CDATA[18.Jul.2027]]>
              </value>
            </param>
            <param index="7">
              <value>
                <![CDATA[employment]]>
              </value>
            </param>
            <param index="8">
              <value>
                <![CDATA[sravanakeerthi.yadla@gmail.com]]>
              </value>
            </param>
            <param index="9">
              <value>
                <![CDATA[9885570079]]>
              </value>
            </param>
          </params>
          <exception class="org.openqa.selenium.NoSuchElementException">
            <message>
              <![CDATA[Cannot locate element with text: INDIA
For documentation on this error, please visit: http://seleniumhq.org/exceptions/no_such_element.html
Build info: version: '3.14.0', revision: 'aacccce0', time: '2018-08-02T20:19:58.91Z'
System info: host: 'LENOVO-PC', ip: '192.168.8.102', os.name: 'Windows 10', os.arch: 'x86', os.version: '10.0', java.version: '1.8.0_112'
Driver info: driver.version: unknown]]>
            </message>
            <full-stacktrace>
              <![CDATA[org.openqa.selenium.NoSuchElementException: Cannot locate element with text: INDIA
For documentation on this error, please visit: http://seleniumhq.org/exceptions/no_such_element.html
Build info: version: '3.14.0', revision: 'aacccce0', time: '2018-08-02T20:19:58.91Z'
System info: host: 'LENOVO-PC', ip: '192.168.8.102', os.name: 'Windows 10', os.arch: 'x86', os.version: '10.0', java.version: '1.8.0_112'
Driver info: driver.version: unknown
at org.openqa.selenium.support.ui.Select.selectByVisibleText(Select.java:151)
at base.BASEpage.Dropdown(BASEpage.java:83)
at Pages.Passengerdetails.customerdetails(Passengerdetails.java:41)
at Test.Passengerdetailstest.passenger(Passengerdetailstest.java:46)
at sun.reflect.NativeMethodAccessorImpl.invoke0(Native Method)
at sun.reflect.NativeMethodAccessorImpl.invoke(NativeMethodAccessorImpl.java:62)
at sun.reflect.DelegatingMethodAccessorImpl.invoke(DelegatingMethodAccessorImpl.java:43)
at java.lang.reflect.Method.invoke(Method.java:498)
at org.testng.internal.MethodInvocationHelper.invokeMethod(MethodInvocationHelper.java:124)
at org.testng.internal.Invoker.invokeMethod(Invoker.java:583)
at org.testng.internal.Invoker.invokeTestMethod(Invoker.java:719)
at org.testng.internal.Invoker.invokeTestMethods(Invoker.java:989)
at org.testng.internal.TestMethodWorker.invokeTestMethods(TestMethodWorker.java:125)
at org.testng.internal.TestMethodWorker.run(TestMethodWorker.java:109)
at org.testng.TestRunner.privateRun(TestRunner.java:648)
at org.testng.TestRunner.run(TestRunner.java:505)
at org.testng.SuiteRunner.runTest(SuiteRunner.java:455)
at org.testng.SuiteRunner.runSequentially(SuiteRunner.java:450)
at org.testng.SuiteRunner.privateRun(SuiteRunner.java:415)
at org.testng.SuiteRunner.run(SuiteRunner.java:364)
at org.testng.SuiteRunnerWorker.runSuite(SuiteRunnerWorker.java:52)
at org.testng.SuiteRunnerWorker.run(SuiteRunnerWorker.java:84)
at org.testng.TestNG.runSuitesSequentially(TestNG.java:1208)
at org.testng.TestNG.runSuitesLocally(TestNG.java:1137)
at org.testng.TestNG.runSuites(TestNG.java:1049)
at org.testng.TestNG.run(TestNG.java:1017)
at org.testng.remote.AbstractRemoteTestNG.run(AbstractRemoteTestNG.java:114)
at org.testng.remote.RemoteTestNG.initAndRun(RemoteTestNG.java:251)
at org.testng.remote.RemoteTestNG.main(RemoteTestNG.java:77)
]]>
            </full-stacktrace>
          </exception> <!-- org.openqa.selenium.NoSuchElementException -->
          <reporter-output>
          </reporter-output>
        </test-method> <!-- passenger -->
      </class> <!-- Test.Passengerdetailstest -->
    </test> <!-- Default test -->
  </suite> <!-- Default suite -->
</testng-results>
